  main.cpp
C:\Users\P1nkLemonade_01\Documents\scannerCam\scannerCam\main.cpp(53,12): warning C4244: 'inicializando': conversão de 'double' para 'int', possível perda de dados
C:\Users\P1nkLemonade_01\Documents\scannerCam\scannerCam\main.cpp(59,15): warning C4244: 'inicializando': conversão de 'double' para 'float', possível perda de dados
C:\Users\P1nkLemonade_01\Documents\scannerCam\scannerCam\main.cpp(106,55): warning C4244: 'argumento': conversão de 'float' para '_Tp', possível perda de dados
          with
          [
              _Tp=int
          ]
C:\Users\P1nkLemonade_01\Documents\scannerCam\scannerCam\main.cpp(106,52): warning C4244: 'argumento': conversão de 'float' para '_Tp', possível perda de dados
          with
          [
              _Tp=int
          ]
C:\Users\P1nkLemonade_01\Documents\scannerCam\scannerCam\main.cpp(132,44): warning C4244: 'argumento': conversão de 'float' para '_Tp', possível perda de dados
          with
          [
              _Tp=int
          ]
C:\Users\P1nkLemonade_01\Documents\scannerCam\scannerCam\main.cpp(132,31): warning C4244: 'argumento': conversão de 'float' para '_Tp', possível perda de dados
          with
          [
              _Tp=int
          ]
  scannerCam.vcxproj -> C:\Users\P1nkLemonade_01\Documents\scannerCam\x64\Debug\scannerCam.exe
